<?xml version="1.0" encoding="UTF-8"?>
<!-- Generated by org.testng.reporters.JUnitXMLReporter -->
<testsuite hostname="Guron" name="Test" tests="1" failures="1" timestamp="8 May 2013 13:26:57 GMT" time="5.64" errors="0">
  <testcase name="Test_Price" time="5.629" classname="org.hh.test.TestRunner">
    <failure type="java.lang.NullPointerException">
      <![CDATA[java.lang.NullPointerException
	at org.hh.test.BaseTest.getWebDriver(BaseTest.java:55)
	at org.hh.test.TestRunner.Test_Price(TestRunner.java:27)
... Removed 23 stack frames]]>
    </failure>
  </testcase> <!-- Test_Price -->
</testsuite> <!-- Test -->
