<?xml version="1.0" encoding="UTF-8"?>
<testng-results skipped="0" failed="0" total="1" passed="1">
  <reporter-output>
  </reporter-output>
  <suite name="Suite" duration-ms="9186" started-at="2013-05-10T21:42:15Z" finished-at="2013-05-10T21:42:24Z">
    <groups>
      <group name="test_Price">
        <method signature="TestRunner.test_Price(java.lang.String, java.lang.String)[pri:0, instance:org.hh.test.TestRunner@74d22e]" name="test_Price" class="org.hh.test.TestRunner"/>
      </group> <!-- test_Price -->
    </groups>
    <test name="Test" duration-ms="9186" started-at="2013-05-10T21:42:15Z" finished-at="2013-05-10T21:42:24Z">
      <class name="org.hh.test.TestRunner">
        <test-method status="PASS" signature="test_Price(java.lang.String, java.lang.String)[pri:0, instance:org.hh.test.TestRunner@74d22e]" name="test_Price" duration-ms="9175" started-at="2013-05-11T00:42:15Z" finished-at="2013-05-11T00:42:24Z">
          <params>
            <param index="0">
              <value>
                <![CDATA[http://hh.ru/price]]>
              </value>
            </param>
            <param index="1">
              <value>
                <![CDATA[2]]>
              </value>
            </param>
          </params>
          <reporter-output>
          </reporter-output>
        </test-method> <!-- test_Price -->
      </class> <!-- org.hh.test.TestRunner -->
    </test> <!-- Test -->
  </suite> <!-- Suite -->
</testng-results>
